<?xml version="1.0" encoding="UTF-8" ?>
<testsuites disabled="0" errors="0" failures="0" tests="10" time="4.235">
 <testsuite name="Article API" timestamp="2023-11-11T21:08:31" hostname="localhost" time="1.675" errors="0" tests="3" skipped="0" disabled="0" failures="0">
  <testcase classname="Article API" name="log in a user and add an article" time="1.221" />
  <testcase classname="Article API" name="log in a user and get articles" time="0.229" />
  <testcase classname="Article API" name="log in a user and get articles" time="0.224" />
 </testsuite>
 <testsuite name="Auth API" timestamp="2023-11-11T21:08:32" hostname="localhost" time="0.992" errors="0" tests="0" skipped="0" disabled="0" failures="0">
 </testsuite>
 <testsuite name="Auth API.Login" timestamp="2023-11-11T21:08:32" hostname="localhost" time="0.649" errors="0" tests="4" skipped="0" disabled="0" failures="0">
  <testcase classname="Auth API.Login" name="should log in an existing user with correct credentials" time="0.179" />
  <testcase classname="Auth API.Login" name="should log in an existing user with correct credentials" time="0.176" />
  <testcase classname="Auth API.Login" name="should not log in a user with incorrect credentials" time="0.112" />
  <testcase classname="Auth API.Login" name="should log in an existing user and then logout" time="0.182" />
 </testsuite>
 <testsuite name="Auth API.Register" timestamp="2023-11-11T21:08:33" hostname="localhost" time="0.343" errors="0" tests="1" skipped="0" disabled="0" failures="0">
  <testcase classname="Auth API.Register" name="should register a new test user" time="0.343" />
 </testsuite>
 <testsuite name="Headline API" timestamp="2023-11-11T21:08:33" hostname="localhost" time="0.576" errors="0" tests="2" skipped="0" disabled="0" failures="0">
  <testcase classname="Headline API" name="log in a user and update headline" time="0.295" />
  <testcase classname="Headline API" name="log in a user and update headline" time="0.281" />
 </testsuite>
</testsuites>