<?xml version="1.0" encoding="UTF-8" ?>
<testsuites disabled="0" errors="0" failures="0" tests="7" time="3.145">
 <testsuite name="Article API" timestamp="2023-11-11T15:18:17" hostname="localhost" time="1.072" errors="0" tests="1" skipped="0" disabled="0" failures="0">
  <testcase classname="Article API" name="log in a user and add an article" time="1.072" />
 </testsuite>
 <testsuite name="Auth API" timestamp="2023-11-11T15:18:18" hostname="localhost" time="0.907" errors="0" tests="0" skipped="0" disabled="0" failures="0">
 </testsuite>
 <testsuite name="Auth API.Login" timestamp="2023-11-11T15:18:18" hostname="localhost" time="0.614" errors="0" tests="4" skipped="0" disabled="0" failures="0">
  <testcase classname="Auth API.Login" name="should log in an existing user with correct credentials" time="0.166" />
  <testcase classname="Auth API.Login" name="should log in an existing user with correct credentials" time="0.166" />
  <testcase classname="Auth API.Login" name="should not log in a user with incorrect credentials" time="0.107" />
  <testcase classname="Auth API.Login" name="should log in an existing user with correct credentials" time="0.174" />
 </testsuite>
 <testsuite name="Auth API.Register" timestamp="2023-11-11T15:18:18" hostname="localhost" time="0.293" errors="0" tests="1" skipped="0" disabled="0" failures="0">
  <testcase classname="Auth API.Register" name="should register a new test user" time="0.293" />
 </testsuite>
 <testsuite name="Headline API" timestamp="2023-11-11T15:18:18" hostname="localhost" time="0.259" errors="0" tests="1" skipped="0" disabled="0" failures="0">
  <testcase classname="Headline API" name="log in a user and update headline" time="0.259" />
 </testsuite>
</testsuites>